<?xml version="1.0" encoding="UTF-8"?>
<!-- Generated by org.testng.reporters.JUnitReportReporter -->
<testsuite hostname="PreethamGowda" failures="0" tests="1" name="vTiger.Products.CreateProductWithVenderNameTest" time="27.346" errors="0" timestamp="2022-11-07T11:33:38 IST" skipped="0">
  <testcase classname="vTiger.Products.CreateProductWithVenderNameTest" name="createProductWithVenderNameTest" time="27.346"/>
  <system-out/>
</testsuite> <!-- vTiger.Products.CreateProductWithVenderNameTest -->
