<?xml version="1.0" encoding="UTF-8"?>
<!-- Generated by org.testng.reporters.JUnitReportReporter -->
<testsuite hostname="PreethamGowda" failures="0" tests="1" name="vTiger.Contacts.CreateContactWithOrganizationTest" time="36.877" errors="0" timestamp="2022-11-11T12:19:20 IST" skipped="0">
  <testcase classname="vTiger.Contacts.CreateContactWithOrganizationTest" name="createContactWithOrgnizationTest" time="36.877"/>
  <system-out/>
</testsuite> <!-- vTiger.Contacts.CreateContactWithOrganizationTest -->
