<?xml version="1.0" encoding="UTF-8"?>
<!-- Generated by org.testng.reporters.JUnitReportReporter -->
<testsuite hostname="PreethamGowda" failures="0" tests="1" name="vTiger.Organizations.CreateOrganizationTest" time="10.365" errors="0" timestamp="2022-11-11T12:10:33 IST" skipped="0">
  <testcase classname="vTiger.Organizations.CreateOrganizationTest" name="createOrganizationTest" time="10.365"/>
  <system-out/>
</testsuite> <!-- vTiger.Organizations.CreateOrganizationTest -->
