<?xml version="1.0" encoding="UTF-8"?>
<!-- Generated by org.testng.reporters.JUnitReportReporter -->
<testsuite hostname="PreethamGowda" failures="0" tests="3" name="practice.UsageOfEnableEqulsToFalse" time="0.014" errors="0" timestamp="2022-11-02T12:03:11 IST" skipped="1">
  <testcase classname="practice.UsageOfEnableEqulsToFalse" name="deleteCustomer" time="0.002"/>
  <system-out/>
  <testcase classname="practice.UsageOfEnableEqulsToFalse" name="createCustomer" time="0.012"/>
  <system-out/>
  <testcase classname="practice.UsageOfEnableEqulsToFalse" name="modifyCustomer">
    <skipped/>
  </testcase> <!-- modifyCustomer -->
  <system-out/>
</testsuite> <!-- practice.UsageOfEnableEqulsToFalse -->
