<?xml version="1.0" encoding="UTF-8"?>
<!-- Generated by org.testng.reporters.JUnitReportReporter -->
<testsuite hostname="PreethamGowda" failures="0" tests="2" name="practice.ConfigurationAnnotation" time="0.009" errors="0" timestamp="2022-11-04T18:38:38 IST" skipped="0">
  <testcase classname="practice.ConfigurationAnnotation" name="test2" time="0.002"/>
  <system-out/>
  <testcase classname="practice.ConfigurationAnnotation" name="test1" time="0.007"/>
  <system-out/>
</testsuite> <!-- practice.ConfigurationAnnotation -->
